{"level":"info","message":"🚀 QueueService: BullMQ initialized (SLA, AI, Maintenance, Bulk, Reports)","timestamp":"2026-04-24 11:25:12"}
{"level":"info","message":"⚡ MonitoringService initialized — observing EventBus","timestamp":"2026-04-24 11:25:12"}
{"level":"info","message":"Environment variables validated successfully.","timestamp":"2026-04-24 11:25:12"}
{"level":"info","message":"🤖 [SLA Worker] Online and listening for deadlines...","timestamp":"2026-04-24 11:25:12"}
{"level":"info","message":"🤖 [AI Worker] Online and ready for scoring...","timestamp":"2026-04-24 11:25:12"}
{"level":"info","message":"🤖 [Maintenance Worker] Online and listening for schedules...","timestamp":"2026-04-24 11:25:12"}
{"level":"info","message":"🤖 [Bulk Worker] Online and listening for batch operations...","timestamp":"2026-04-24 11:25:12"}
{"level":"info","message":"📊 ReportWorker: Lifecycle active","timestamp":"2026-04-24 11:25:12"}
{"level":"info","message":"🛡️ securitySubscriber: Listening for security events","timestamp":"2026-04-24 11:25:12"}
{"level":"info","message":"🚀 Enterprise Server running on port 5000 in development mode","timestamp":"2026-04-24 11:25:12"}
{"level":"info","message":"SLA Service: Initialized with rules","timestamp":"2026-04-24 11:25:12"}
{"level":"info","message":"🚀 QueueService: BullMQ initialized (SLA, AI, Maintenance, Bulk, Reports)","timestamp":"2026-04-24 11:26:43"}
{"level":"info","message":"⚡ MonitoringService initialized — observing EventBus","timestamp":"2026-04-24 11:26:44"}
{"level":"info","message":"Environment variables validated successfully.","timestamp":"2026-04-24 11:26:44"}
{"level":"info","message":"🤖 [SLA Worker] Online and listening for deadlines...","timestamp":"2026-04-24 11:26:44"}
{"level":"info","message":"🤖 [AI Worker] Online and ready for scoring...","timestamp":"2026-04-24 11:26:44"}
{"level":"info","message":"🤖 [Maintenance Worker] Online and listening for schedules...","timestamp":"2026-04-24 11:26:44"}
{"level":"info","message":"🤖 [Bulk Worker] Online and listening for batch operations...","timestamp":"2026-04-24 11:26:44"}
{"level":"info","message":"📊 ReportWorker: Lifecycle active","timestamp":"2026-04-24 11:26:44"}
{"level":"info","message":"🛡️ securitySubscriber: Listening for security events","timestamp":"2026-04-24 11:26:44"}
{"level":"info","message":"🚀 Enterprise Server running on port 5000 in development mode","timestamp":"2026-04-24 11:26:44"}
{"level":"info","message":"SLA Service: Initialized with rules","timestamp":"2026-04-24 11:26:44"}
{"level":"info","message":"🚀 QueueService: BullMQ initialized (SLA, AI, Maintenance, Bulk, Reports)","timestamp":"2026-04-24 11:26:54"}
{"level":"info","message":"⚡ MonitoringService initialized — observing EventBus","timestamp":"2026-04-24 11:26:54"}
{"level":"info","message":"Environment variables validated successfully.","timestamp":"2026-04-24 11:26:55"}
{"level":"info","message":"🤖 [SLA Worker] Online and listening for deadlines...","timestamp":"2026-04-24 11:26:55"}
{"level":"info","message":"🤖 [AI Worker] Online and ready for scoring...","timestamp":"2026-04-24 11:26:55"}
{"level":"info","message":"🤖 [Maintenance Worker] Online and listening for schedules...","timestamp":"2026-04-24 11:26:55"}
{"level":"info","message":"🤖 [Bulk Worker] Online and listening for batch operations...","timestamp":"2026-04-24 11:26:55"}
{"level":"info","message":"📊 ReportWorker: Lifecycle active","timestamp":"2026-04-24 11:26:55"}
{"level":"info","message":"🛡️ securitySubscriber: Listening for security events","timestamp":"2026-04-24 11:26:55"}
{"level":"info","message":"🚀 Enterprise Server running on port 5000 in development mode","timestamp":"2026-04-24 11:26:55"}
{"level":"info","message":"SLA Service: Initialized with rules","timestamp":"2026-04-24 11:26:55"}
{"level":"info","message":"🚀 QueueService: BullMQ initialized (SLA, AI, Maintenance, Bulk, Reports)","timestamp":"2026-04-24 11:27:10"}
{"level":"info","message":"⚡ MonitoringService initialized — observing EventBus","timestamp":"2026-04-24 11:27:10"}
{"level":"info","message":"Environment variables validated successfully.","timestamp":"2026-04-24 11:27:10"}
{"level":"info","message":"🤖 [SLA Worker] Online and listening for deadlines...","timestamp":"2026-04-24 11:27:10"}
{"level":"info","message":"🤖 [AI Worker] Online and ready for scoring...","timestamp":"2026-04-24 11:27:10"}
{"level":"info","message":"🤖 [Maintenance Worker] Online and listening for schedules...","timestamp":"2026-04-24 11:27:10"}
{"level":"info","message":"🤖 [Bulk Worker] Online and listening for batch operations...","timestamp":"2026-04-24 11:27:10"}
{"level":"info","message":"📊 ReportWorker: Lifecycle active","timestamp":"2026-04-24 11:27:10"}
{"level":"info","message":"🛡️ securitySubscriber: Listening for security events","timestamp":"2026-04-24 11:27:10"}
{"level":"info","message":"🚀 Enterprise Server running on port 5000 in development mode","timestamp":"2026-04-24 11:27:10"}
{"level":"info","message":"SLA Service: Initialized with rules","timestamp":"2026-04-24 11:27:10"}
{"level":"info","message":"🚀 QueueService: BullMQ initialized (SLA, AI, Maintenance, Bulk, Reports)","timestamp":"2026-04-24 11:27:24"}
{"level":"info","message":"⚡ MonitoringService initialized — observing EventBus","timestamp":"2026-04-24 11:27:24"}
{"level":"info","message":"Environment variables validated successfully.","timestamp":"2026-04-24 11:27:24"}
{"level":"info","message":"🤖 [SLA Worker] Online and listening for deadlines...","timestamp":"2026-04-24 11:27:24"}
{"level":"info","message":"🤖 [AI Worker] Online and ready for scoring...","timestamp":"2026-04-24 11:27:24"}
{"level":"info","message":"🤖 [Maintenance Worker] Online and listening for schedules...","timestamp":"2026-04-24 11:27:24"}
{"level":"info","message":"🤖 [Bulk Worker] Online and listening for batch operations...","timestamp":"2026-04-24 11:27:24"}
{"level":"info","message":"📊 ReportWorker: Lifecycle active","timestamp":"2026-04-24 11:27:24"}
{"level":"info","message":"🛡️ securitySubscriber: Listening for security events","timestamp":"2026-04-24 11:27:24"}
{"level":"info","message":"🚀 Enterprise Server running on port 5000 in development mode","timestamp":"2026-04-24 11:27:24"}
{"level":"info","message":"SLA Service: Initialized with rules","timestamp":"2026-04-24 11:27:24"}
{"level":"info","message":"🚀 QueueService: BullMQ initialized (SLA, AI, Maintenance, Bulk, Reports)","timestamp":"2026-04-24 11:27:35"}
{"level":"info","message":"⚡ MonitoringService initialized — observing EventBus","timestamp":"2026-04-24 11:27:35"}
{"level":"info","message":"Environment variables validated successfully.","timestamp":"2026-04-24 11:27:35"}
{"level":"info","message":"🤖 [SLA Worker] Online and listening for deadlines...","timestamp":"2026-04-24 11:27:35"}
{"level":"info","message":"🤖 [AI Worker] Online and ready for scoring...","timestamp":"2026-04-24 11:27:35"}
{"level":"info","message":"🤖 [Maintenance Worker] Online and listening for schedules...","timestamp":"2026-04-24 11:27:35"}
{"level":"info","message":"🤖 [Bulk Worker] Online and listening for batch operations...","timestamp":"2026-04-24 11:27:35"}
{"level":"info","message":"📊 ReportWorker: Lifecycle active","timestamp":"2026-04-24 11:27:35"}
{"level":"info","message":"🛡️ securitySubscriber: Listening for security events","timestamp":"2026-04-24 11:27:35"}
{"level":"info","message":"🚀 Enterprise Server running on port 5000 in development mode","timestamp":"2026-04-24 11:27:35"}
{"level":"info","message":"SLA Service: Initialized with rules","timestamp":"2026-04-24 11:27:35"}
{"level":"info","message":"🚀 QueueService: BullMQ initialized (SLA, AI, Maintenance, Bulk, Reports)","timestamp":"2026-04-24 11:27:51"}
{"level":"info","message":"⚡ MonitoringService initialized — observing EventBus","timestamp":"2026-04-24 11:27:51"}
{"level":"info","message":"Environment variables validated successfully.","timestamp":"2026-04-24 11:27:51"}
{"level":"info","message":"🤖 [SLA Worker] Online and listening for deadlines...","timestamp":"2026-04-24 11:27:51"}
{"level":"info","message":"🤖 [AI Worker] Online and ready for scoring...","timestamp":"2026-04-24 11:27:51"}
{"level":"info","message":"🤖 [Maintenance Worker] Online and listening for schedules...","timestamp":"2026-04-24 11:27:51"}
{"level":"info","message":"🤖 [Bulk Worker] Online and listening for batch operations...","timestamp":"2026-04-24 11:27:51"}
{"level":"info","message":"📊 ReportWorker: Lifecycle active","timestamp":"2026-04-24 11:27:51"}
{"level":"info","message":"🛡️ securitySubscriber: Listening for security events","timestamp":"2026-04-24 11:27:51"}
{"level":"info","message":"🚀 Enterprise Server running on port 5000 in development mode","timestamp":"2026-04-24 11:27:51"}
{"level":"info","message":"SLA Service: Initialized with rules","timestamp":"2026-04-24 11:27:51"}
{"level":"info","message":"🚀 QueueService: BullMQ initialized (SLA, AI, Maintenance, Bulk, Reports)","timestamp":"2026-04-24 11:28:22"}
{"level":"info","message":"⚡ MonitoringService initialized — observing EventBus","timestamp":"2026-04-24 11:28:22"}
{"level":"info","message":"Environment variables validated successfully.","timestamp":"2026-04-24 11:28:22"}
{"level":"info","message":"🤖 [SLA Worker] Online and listening for deadlines...","timestamp":"2026-04-24 11:28:22"}
{"level":"info","message":"🤖 [AI Worker] Online and ready for scoring...","timestamp":"2026-04-24 11:28:22"}
{"level":"info","message":"🤖 [Maintenance Worker] Online and listening for schedules...","timestamp":"2026-04-24 11:28:22"}
{"level":"info","message":"🤖 [Bulk Worker] Online and listening for batch operations...","timestamp":"2026-04-24 11:28:22"}
{"level":"info","message":"📊 ReportWorker: Lifecycle active","timestamp":"2026-04-24 11:28:22"}
{"level":"info","message":"🛡️ securitySubscriber: Listening for security events","timestamp":"2026-04-24 11:28:22"}
{"level":"info","message":"🚀 Enterprise Server running on port 5000 in development mode","timestamp":"2026-04-24 11:28:22"}
{"level":"info","message":"SLA Service: Initialized with rules","timestamp":"2026-04-24 11:28:22"}
{"level":"info","message":"🚀 QueueService: BullMQ initialized (SLA, AI, Maintenance, Bulk, Reports)","timestamp":"2026-04-24 11:29:29"}
{"level":"info","message":"⚡ MonitoringService initialized — observing EventBus","timestamp":"2026-04-24 11:29:29"}
{"level":"info","message":"Environment variables validated successfully.","timestamp":"2026-04-24 11:29:30"}
{"level":"info","message":"🤖 [SLA Worker] Online and listening for deadlines...","timestamp":"2026-04-24 11:29:30"}
{"level":"info","message":"🚀 QueueService: BullMQ initialized (SLA, AI, Maintenance, Bulk, Reports)","timestamp":"2026-04-24 12:21:34"}
{"level":"info","message":"⚡ MonitoringService initialized — observing EventBus","timestamp":"2026-04-24 12:21:35"}
{"level":"info","message":"Environment variables validated successfully.","timestamp":"2026-04-24 12:21:35"}
{"level":"info","message":"🤖 [SLA Worker] Online and listening for deadlines...","timestamp":"2026-04-24 12:21:35"}
{"level":"info","message":"🤖 [AI Worker] Online and ready for scoring...","timestamp":"2026-04-24 12:21:35"}
{"level":"info","message":"🤖 [Maintenance Worker] Online and listening for schedules...","timestamp":"2026-04-24 12:21:35"}
{"level":"info","message":"🤖 [Bulk Worker] Online and listening for batch operations...","timestamp":"2026-04-24 12:21:35"}
{"level":"info","message":"📊 ReportWorker: Lifecycle active","timestamp":"2026-04-24 12:21:35"}
{"level":"info","message":"🛡️ securitySubscriber: Listening for security events","timestamp":"2026-04-24 12:21:35"}
{"level":"info","message":"🚀 Enterprise Server running on port 5000 in development mode","timestamp":"2026-04-24 12:21:35"}
{"level":"info","message":"SLA Service: Initialized with rules","timestamp":"2026-04-24 12:21:35"}
